<?xml version="1.0" encoding="UTF-8"?>
<!-- Generated by org.testng.reporters.JUnitReportReporter -->
<testsuite hostname="DESKTOP-PQ01CGC" failures="0" tests="1" name="tests.regresTest" time="2.631" errors="0" timestamp="2022-02-18T14:22:53 IST" skipped="0">
  <testcase classname="tests.regresTest" name="createUserTest" time="2.631"/>
  <system-out/>
</testsuite> <!-- tests.regresTest -->
